<?xml version="1.0" encoding="UTF-8"?>
<!-- Generated by org.testng.reporters.JUnitXMLReporter -->
<testsuite ignored="0" hostname="Workstation-5" failures="0" tests="3" name="Default test" time="2.3" errors="0" timestamp="2026-07-27T13:17:10 IST">
  <testcase classname="tests.TodoTest" name="verifyTodoTaskCreation" time="0.388"/>
  <testcase classname="tests.TodoTest" name="verifyTotalTaskCount" time="0.014"/>
  <testcase classname="tests.TodoTest" name="verifyDashboardText" time="0.02"/>
</testsuite> <!-- Default test -->
