<?xml version="1.0" encoding="UTF-8"?>
<!-- Generated by org.testng.reporters.JUnitXMLReporter -->
<testsuite ignored="0" hostname="Workstation-5" failures="0" tests="5" name="Default test" time="8.299" errors="0" timestamp="2026-07-30T13:02:46 IST">
  <testcase classname="tests.SearchTest" name="verifyTodoTaskCreation" time="2.488"/>
  <testcase classname="tests.SearchTest" name="verifyDashboardText" time="0.541"/>
  <testcase classname="tests.SearchTest" name="verifyTotalTaskCount" time="2.093"/>
  <testcase classname="tests.SearchTest" name="verifySearchTask" time="0.632"/>
  <testcase classname="tests.SearchTest" name="verifyTaskAfterSearch" time="0.543"/>
</testsuite> <!-- Default test -->
