<?xml version="1.0" encoding="UTF-8"?>
<!-- Generated by org.testng.reporters.JUnitXMLReporter -->
<testsuite ignored="0" hostname="Workstation-5" failures="0" tests="3" name="Test" time="2.23" errors="0" timestamp="2026-07-27T13:18:24 IST">
  <testcase classname="tests.TodoTest" name="verifyTodoTaskCreation" time="0.391"/>
  <testcase classname="tests.TodoTest" name="verifyTotalTaskCount" time="0.014"/>
  <testcase classname="tests.TodoTest" name="verifyDashboardText" time="0.019"/>
</testsuite> <!-- Test -->
