<?xml version="1.0" encoding="UTF-8"?>
<!-- Generated by org.testng.reporters.JUnitXMLReporter -->
<testsuite ignored="0" hostname="Workstation-5" failures="1" tests="8" name="Todo Tests" time="8.908" errors="0" timestamp="2026-07-28T18:21:49 IST">
  <testcase classname="tests.SearchTest" name="verifyTodoTaskCreation" time="2.708"/>
  <testcase classname="tests.TodoTest" name="verifyTodoTaskCreation" time="2.727"/>
  <testcase classname="tests.SearchTest" name="verifyDashboardText" time="0.558"/>
  <testcase classname="tests.TodoTest" name="verifyDashboardText" time="0.558"/>
  <testcase classname="tests.SearchTest" name="verifyTotalTaskCount" time="1.068"/>
  <testcase classname="tests.TodoTest" name="verifyTotalTaskCount" time="1.067"/>
  <testcase classname="tests.SearchTest" name="verifySearchTask" time="0.657"/>
  <testcase classname="tests.SearchTest" name="verifyTaskAfterSearch" time="0.542">
    <failure type="java.lang.AssertionError" message="expected [Hi world] but found [Need to practice on github actions]">
      <![CDATA[java.lang.AssertionError: expected [Hi world] but found [Need to practice on github actions]
at tests.SearchTest.verifyTaskAfterSearch(SearchTest.java:55)
at java.base/java.util.concurrent.Executors$RunnableAdapter.call(Executors.java:572)
at java.base/java.util.concurrent.FutureTask.run(FutureTask.java:317)
at java.base/java.util.concurrent.ThreadPoolExecutor.runWorker(ThreadPoolExecutor.java:1144)
at java.base/java.util.concurrent.ThreadPoolExecutor$Worker.run(ThreadPoolExecutor.java:642)
at java.base/java.lang.Thread.run(Thread.java:1583)
... Removed 17 stack frames]]>
    </failure>
  </testcase> <!-- verifyTaskAfterSearch -->
</testsuite> <!-- Todo Tests -->
