<?xml version="1.0" encoding="UTF-8"?>
<!-- Generated by org.testng.reporters.JUnitXMLReporter -->
<testsuite ignored="0" hostname="Workstation-5" failures="1" tests="8" name="Todo Tests" time="18.622" errors="0" timestamp="2026-07-30T10:22:10 IST">
  <testcase classname="tests.TodoTest" name="verifyTodoTaskCreation" time="3.105"/>
  <testcase classname="tests.SearchTest" name="verifyTodoTaskCreation" time="2.629"/>
  <testcase classname="tests.TodoTest" name="verifyDashboardText" time="0.598"/>
  <testcase classname="tests.SearchTest" name="verifyDashboardText" time="0.595"/>
  <testcase classname="tests.TodoTest" name="verifyTotalTaskCount" time="1.087"/>
  <testcase classname="tests.SearchTest" name="verifyTotalTaskCount" time="1.103"/>
  <testcase classname="tests.SearchTest" name="verifySearchTask" time="0.747"/>
  <testcase classname="tests.SearchTest" name="verifyTaskAfterSearch" time="0.582">
    <failure type="java.lang.AssertionError" message="expected [Need to practice on github action] but found [Need to practice on github actions]">
      <![CDATA[java.lang.AssertionError: expected [Need to practice on github action] but found [Need to practice on github actions]
at tests.SearchTest.verifyTaskAfterSearch(SearchTest.java:55)
at java.base/java.util.concurrent.Executors$RunnableAdapter.call(Executors.java:572)
at java.base/java.util.concurrent.FutureTask.run(FutureTask.java:317)
at java.base/java.util.concurrent.ThreadPoolExecutor.runWorker(ThreadPoolExecutor.java:1144)
at java.base/java.util.concurrent.ThreadPoolExecutor$Worker.run(ThreadPoolExecutor.java:642)
at java.base/java.lang.Thread.run(Thread.java:1583)
... Removed 17 stack frames]]>
    </failure>
  </testcase> <!-- verifyTaskAfterSearch -->
</testsuite> <!-- Todo Tests -->
