<?xml version="1.0" encoding="UTF-8"?>
<testng-results ignored="0" total="15" passed="15" failed="0" skipped="0">
  <reporter-output>
  </reporter-output>
  <suite started-at="2026-07-30T15:34:45 IST" name="Todo Application Regression Suite" finished-at="2026-07-30T15:34:58 IST" duration-ms="13935">
    <groups>
    </groups>
    <test started-at="2026-07-30T15:34:45 IST" name="Chrome" finished-at="2026-07-30T15:34:54 IST" duration-ms="9188">
      <class name="tests.TodoTest">
        <test-method is-config="true" signature="setup(java.lang.String)[pri:0, instance:tests.TodoTest@2f67a4d3]" started-at="2026-07-30T15:34:45 IST" name="setup" finished-at="2026-07-30T15:34:47 IST" duration-ms="2156" status="PASS">
          <params>
            <param index="0">
              <value>
                <![CDATA[chrome]]>
              </value>
            </param>
          </params>
          <reporter-output>
          </reporter-output>
        </test-method> <!-- setup -->
        <test-method is-config="true" signature="pageSetup()[pri:0, instance:tests.TodoTest@2f67a4d3]" started-at="2026-07-30T15:34:47 IST" name="pageSetup" finished-at="2026-07-30T15:34:47 IST" duration-ms="1" status="PASS">
          <reporter-output>
          </reporter-output>
        </test-method> <!-- pageSetup -->
        <test-method signature="verifyTodoTaskCreation()[pri:1, instance:tests.TodoTest@2f67a4d3]" started-at="2026-07-30T15:34:47 IST" name="verifyTodoTaskCreation" finished-at="2026-07-30T15:34:50 IST" duration-ms="2879" status="PASS">
          <reporter-output>
          </reporter-output>
        </test-method> <!-- verifyTodoTaskCreation -->
        <test-method is-config="true" signature="pageSetup()[pri:0, instance:tests.TodoTest@2f67a4d3]" started-at="2026-07-30T15:34:50 IST" name="pageSetup" finished-at="2026-07-30T15:34:50 IST" duration-ms="0" status="PASS">
          <reporter-output>
          </reporter-output>
        </test-method> <!-- pageSetup -->
        <test-method signature="verifyDashboardText()[pri:2, instance:tests.TodoTest@2f67a4d3]" started-at="2026-07-30T15:34:50 IST" name="verifyDashboardText" finished-at="2026-07-30T15:34:50 IST" duration-ms="549" status="PASS">
          <reporter-output>
          </reporter-output>
        </test-method> <!-- verifyDashboardText -->
        <test-method is-config="true" signature="pageSetup()[pri:0, instance:tests.TodoTest@2f67a4d3]" started-at="2026-07-30T15:34:50 IST" name="pageSetup" finished-at="2026-07-30T15:34:50 IST" duration-ms="1" status="PASS">
          <reporter-output>
          </reporter-output>
        </test-method> <!-- pageSetup -->
        <test-method signature="verifyTotalTaskCount()[pri:3, instance:tests.TodoTest@2f67a4d3]" started-at="2026-07-30T15:34:50 IST" name="verifyTotalTaskCount" finished-at="2026-07-30T15:34:52 IST" duration-ms="2088" status="PASS">
          <reporter-output>
          </reporter-output>
        </test-method> <!-- verifyTotalTaskCount -->
        <test-method is-config="true" signature="tearDown()[pri:0, instance:tests.TodoTest@2f67a4d3]" started-at="2026-07-30T15:34:53 IST" name="tearDown" finished-at="2026-07-30T15:34:54 IST" duration-ms="264" status="PASS">
          <reporter-output>
          </reporter-output>
        </test-method> <!-- tearDown -->
      </class> <!-- tests.TodoTest -->
      <class name="tests.SearchTest">
        <test-method is-config="true" signature="pageSetup()[pri:0, instance:tests.SearchTest@24959ca4]" started-at="2026-07-30T15:34:52 IST" name="pageSetup" finished-at="2026-07-30T15:34:52 IST" duration-ms="2" status="PASS">
          <reporter-output>
          </reporter-output>
        </test-method> <!-- pageSetup -->
        <test-method signature="verifySearchTask()[pri:4, instance:tests.SearchTest@24959ca4]" started-at="2026-07-30T15:34:52 IST" name="verifySearchTask" finished-at="2026-07-30T15:34:53 IST" duration-ms="644" status="PASS">
          <reporter-output>
          </reporter-output>
        </test-method> <!-- verifySearchTask -->
        <test-method signature="verifyTaskAfterSearch()[pri:5, instance:tests.SearchTest@24959ca4]" started-at="2026-07-30T15:34:53 IST" name="verifyTaskAfterSearch" finished-at="2026-07-30T15:34:53 IST" duration-ms="536" status="PASS">
          <reporter-output>
          </reporter-output>
        </test-method> <!-- verifyTaskAfterSearch -->
      </class> <!-- tests.SearchTest -->
    </test> <!-- Chrome -->
    <test started-at="2026-07-30T15:34:45 IST" name="Edge" finished-at="2026-07-30T15:34:54 IST" duration-ms="9449">
      <class name="tests.TodoTest">
        <test-method is-config="true" signature="setup(java.lang.String)[pri:0, instance:tests.TodoTest@b86de0d]" started-at="2026-07-30T15:34:45 IST" name="setup" finished-at="2026-07-30T15:34:47 IST" duration-ms="2007" status="PASS">
          <params>
            <param index="0">
              <value>
                <![CDATA[edge]]>
              </value>
            </param>
          </params>
          <reporter-output>
          </reporter-output>
        </test-method> <!-- setup -->
        <test-method is-config="true" signature="pageSetup()[pri:0, instance:tests.TodoTest@b86de0d]" started-at="2026-07-30T15:34:47 IST" name="pageSetup" finished-at="2026-07-30T15:34:47 IST" duration-ms="3" status="PASS">
          <reporter-output>
          </reporter-output>
        </test-method> <!-- pageSetup -->
        <test-method signature="verifyTodoTaskCreation()[pri:1, instance:tests.TodoTest@b86de0d]" started-at="2026-07-30T15:34:47 IST" name="verifyTodoTaskCreation" finished-at="2026-07-30T15:34:50 IST" duration-ms="3043" status="PASS">
          <reporter-output>
          </reporter-output>
        </test-method> <!-- verifyTodoTaskCreation -->
        <test-method is-config="true" signature="pageSetup()[pri:0, instance:tests.TodoTest@b86de0d]" started-at="2026-07-30T15:34:50 IST" name="pageSetup" finished-at="2026-07-30T15:34:50 IST" duration-ms="1" status="PASS">
          <reporter-output>
          </reporter-output>
        </test-method> <!-- pageSetup -->
        <test-method signature="verifyDashboardText()[pri:2, instance:tests.TodoTest@b86de0d]" started-at="2026-07-30T15:34:50 IST" name="verifyDashboardText" finished-at="2026-07-30T15:34:50 IST" duration-ms="557" status="PASS">
          <reporter-output>
          </reporter-output>
        </test-method> <!-- verifyDashboardText -->
        <test-method is-config="true" signature="pageSetup()[pri:0, instance:tests.TodoTest@b86de0d]" started-at="2026-07-30T15:34:50 IST" name="pageSetup" finished-at="2026-07-30T15:34:50 IST" duration-ms="1" status="PASS">
          <reporter-output>
          </reporter-output>
        </test-method> <!-- pageSetup -->
        <test-method signature="verifyTotalTaskCount()[pri:3, instance:tests.TodoTest@b86de0d]" started-at="2026-07-30T15:34:50 IST" name="verifyTotalTaskCount" finished-at="2026-07-30T15:34:52 IST" duration-ms="2123" status="PASS">
          <reporter-output>
          </reporter-output>
        </test-method> <!-- verifyTotalTaskCount -->
        <test-method is-config="true" signature="tearDown()[pri:0, instance:tests.TodoTest@b86de0d]" started-at="2026-07-30T15:34:54 IST" name="tearDown" finished-at="2026-07-30T15:34:54 IST" duration-ms="319" status="PASS">
          <reporter-output>
          </reporter-output>
        </test-method> <!-- tearDown -->
      </class> <!-- tests.TodoTest -->
      <class name="tests.SearchTest">
        <test-method is-config="true" signature="pageSetup()[pri:0, instance:tests.SearchTest@81d9a72]" started-at="2026-07-30T15:34:52 IST" name="pageSetup" finished-at="2026-07-30T15:34:52 IST" duration-ms="1" status="PASS">
          <reporter-output>
          </reporter-output>
        </test-method> <!-- pageSetup -->
        <test-method signature="verifySearchTask()[pri:4, instance:tests.SearchTest@81d9a72]" started-at="2026-07-30T15:34:52 IST" name="verifySearchTask" finished-at="2026-07-30T15:34:53 IST" duration-ms="651" status="PASS">
          <reporter-output>
          </reporter-output>
        </test-method> <!-- verifySearchTask -->
        <test-method signature="verifyTaskAfterSearch()[pri:5, instance:tests.SearchTest@81d9a72]" started-at="2026-07-30T15:34:53 IST" name="verifyTaskAfterSearch" finished-at="2026-07-30T15:34:54 IST" duration-ms="545" status="PASS">
          <reporter-output>
          </reporter-output>
        </test-method> <!-- verifyTaskAfterSearch -->
      </class> <!-- tests.SearchTest -->
    </test> <!-- Edge -->
    <test started-at="2026-07-30T15:34:45 IST" name="Firefox" finished-at="2026-07-30T15:34:58 IST" duration-ms="13934">
      <class name="tests.TodoTest">
        <test-method is-config="true" signature="setup(java.lang.String)[pri:0, instance:tests.TodoTest@3576ddc2]" started-at="2026-07-30T15:34:45 IST" name="setup" finished-at="2026-07-30T15:34:52 IST" duration-ms="7244" status="PASS">
          <params>
            <param index="0">
              <value>
                <![CDATA[firefox]]>
              </value>
            </param>
          </params>
          <reporter-output>
          </reporter-output>
        </test-method> <!-- setup -->
        <test-method is-config="true" signature="pageSetup()[pri:0, instance:tests.TodoTest@3576ddc2]" started-at="2026-07-30T15:34:52 IST" name="pageSetup" finished-at="2026-07-30T15:34:52 IST" duration-ms="1" status="PASS">
          <reporter-output>
          </reporter-output>
        </test-method> <!-- pageSetup -->
        <test-method signature="verifyTodoTaskCreation()[pri:1, instance:tests.TodoTest@3576ddc2]" started-at="2026-07-30T15:34:52 IST" name="verifyTodoTaskCreation" finished-at="2026-07-30T15:34:54 IST" duration-ms="2362" status="PASS">
          <reporter-output>
          </reporter-output>
        </test-method> <!-- verifyTodoTaskCreation -->
        <test-method is-config="true" signature="pageSetup()[pri:0, instance:tests.TodoTest@3576ddc2]" started-at="2026-07-30T15:34:54 IST" name="pageSetup" finished-at="2026-07-30T15:34:54 IST" duration-ms="0" status="PASS">
          <reporter-output>
          </reporter-output>
        </test-method> <!-- pageSetup -->
        <test-method signature="verifyDashboardText()[pri:2, instance:tests.TodoTest@3576ddc2]" started-at="2026-07-30T15:34:54 IST" name="verifyDashboardText" finished-at="2026-07-30T15:34:55 IST" duration-ms="534" status="PASS">
          <reporter-output>
          </reporter-output>
        </test-method> <!-- verifyDashboardText -->
        <test-method is-config="true" signature="pageSetup()[pri:0, instance:tests.TodoTest@3576ddc2]" started-at="2026-07-30T15:34:55 IST" name="pageSetup" finished-at="2026-07-30T15:34:55 IST" duration-ms="1" status="PASS">
          <reporter-output>
          </reporter-output>
        </test-method> <!-- pageSetup -->
        <test-method signature="verifyTotalTaskCount()[pri:3, instance:tests.TodoTest@3576ddc2]" started-at="2026-07-30T15:34:55 IST" name="verifyTotalTaskCount" finished-at="2026-07-30T15:34:57 IST" duration-ms="2073" status="PASS">
          <reporter-output>
          </reporter-output>
        </test-method> <!-- verifyTotalTaskCount -->
        <test-method is-config="true" signature="tearDown()[pri:0, instance:tests.TodoTest@3576ddc2]" started-at="2026-07-30T15:34:58 IST" name="tearDown" finished-at="2026-07-30T15:34:58 IST" duration-ms="603" status="PASS">
          <reporter-output>
          </reporter-output>
        </test-method> <!-- tearDown -->
      </class> <!-- tests.TodoTest -->
      <class name="tests.SearchTest">
        <test-method is-config="true" signature="pageSetup()[pri:0, instance:tests.SearchTest@35b74c5c]" started-at="2026-07-30T15:34:57 IST" name="pageSetup" finished-at="2026-07-30T15:34:57 IST" duration-ms="0" status="PASS">
          <reporter-output>
          </reporter-output>
        </test-method> <!-- pageSetup -->
        <test-method signature="verifySearchTask()[pri:4, instance:tests.SearchTest@35b74c5c]" started-at="2026-07-30T15:34:57 IST" name="verifySearchTask" finished-at="2026-07-30T15:34:57 IST" duration-ms="560" status="PASS">
          <reporter-output>
          </reporter-output>
        </test-method> <!-- verifySearchTask -->
        <test-method signature="verifyTaskAfterSearch()[pri:5, instance:tests.SearchTest@35b74c5c]" started-at="2026-07-30T15:34:57 IST" name="verifyTaskAfterSearch" finished-at="2026-07-30T15:34:58 IST" duration-ms="525" status="PASS">
          <reporter-output>
          </reporter-output>
        </test-method> <!-- verifyTaskAfterSearch -->
      </class> <!-- tests.SearchTest -->
    </test> <!-- Firefox -->
  </suite> <!-- Todo Application Regression Suite -->
</testng-results>
