<?xml version="1.0" encoding="UTF-8"?>
<testng-results ignored="0" total="8" passed="7" failed="1" skipped="0">
  <reporter-output>
  </reporter-output>
  <suite started-at="2026-07-28T18:21:41 IST" name="Todo Application Suite" finished-at="2026-07-28T18:21:49 IST" duration-ms="8908">
    <groups>
    </groups>
    <test started-at="2026-07-28T18:21:41 IST" name="Todo Tests" finished-at="2026-07-28T18:21:49 IST" duration-ms="8908">
      <class name="tests.TodoTest">
        <test-method is-config="true" signature="setUp()[pri:0, instance:tests.TodoTest@21be3395]" started-at="2026-07-28T18:21:41 IST" name="setUp" finished-at="2026-07-28T18:21:43 IST" duration-ms="2441" status="PASS">
          <reporter-output>
          </reporter-output>
        </test-method> <!-- setUp -->
        <test-method signature="verifyTodoTaskCreation()[pri:1, instance:tests.TodoTest@21be3395]" started-at="2026-07-28T18:21:43 IST" name="verifyTodoTaskCreation" finished-at="2026-07-28T18:21:46 IST" duration-ms="2727" status="PASS">
          <reporter-output>
          </reporter-output>
        </test-method> <!-- verifyTodoTaskCreation -->
        <test-method signature="verifyDashboardText()[pri:2, instance:tests.TodoTest@21be3395]" started-at="2026-07-28T18:21:46 IST" name="verifyDashboardText" finished-at="2026-07-28T18:21:46 IST" duration-ms="558" status="PASS">
          <reporter-output>
          </reporter-output>
        </test-method> <!-- verifyDashboardText -->
        <test-method signature="verifyTotalTaskCount()[pri:3, instance:tests.TodoTest@21be3395]" started-at="2026-07-28T18:21:46 IST" name="verifyTotalTaskCount" finished-at="2026-07-28T18:21:47 IST" duration-ms="1067" status="PASS">
          <reporter-output>
          </reporter-output>
        </test-method> <!-- verifyTotalTaskCount -->
      </class> <!-- tests.TodoTest -->
      <class name="tests.SearchTest">
        <test-method is-config="true" signature="setUp()[pri:0, instance:tests.SearchTest@15d49048]" started-at="2026-07-28T18:21:41 IST" name="setUp" finished-at="2026-07-28T18:21:43 IST" duration-ms="2417" status="PASS">
          <reporter-output>
          </reporter-output>
        </test-method> <!-- setUp -->
        <test-method signature="verifyTodoTaskCreation()[pri:1, instance:tests.SearchTest@15d49048]" started-at="2026-07-28T18:21:43 IST" name="verifyTodoTaskCreation" finished-at="2026-07-28T18:21:46 IST" duration-ms="2708" status="PASS">
          <reporter-output>
          </reporter-output>
        </test-method> <!-- verifyTodoTaskCreation -->
        <test-method signature="verifyDashboardText()[pri:2, instance:tests.SearchTest@15d49048]" started-at="2026-07-28T18:21:46 IST" name="verifyDashboardText" finished-at="2026-07-28T18:21:46 IST" duration-ms="558" status="PASS">
          <reporter-output>
          </reporter-output>
        </test-method> <!-- verifyDashboardText -->
        <test-method signature="verifyTotalTaskCount()[pri:3, instance:tests.SearchTest@15d49048]" started-at="2026-07-28T18:21:46 IST" name="verifyTotalTaskCount" finished-at="2026-07-28T18:21:47 IST" duration-ms="1068" status="PASS">
          <reporter-output>
          </reporter-output>
        </test-method> <!-- verifyTotalTaskCount -->
        <test-method signature="verifySearchTask()[pri:4, instance:tests.SearchTest@15d49048]" started-at="2026-07-28T18:21:47 IST" name="verifySearchTask" finished-at="2026-07-28T18:21:48 IST" duration-ms="657" status="PASS">
          <reporter-output>
          </reporter-output>
        </test-method> <!-- verifySearchTask -->
        <test-method signature="verifyTaskAfterSearch()[pri:5, instance:tests.SearchTest@15d49048]" started-at="2026-07-28T18:21:48 IST" name="verifyTaskAfterSearch" finished-at="2026-07-28T18:21:49 IST" duration-ms="542" status="FAIL">
          <exception class="java.lang.AssertionError">
            <message>
              <![CDATA[expected [Hi world] but found [Need to practice on github actions]]]>
            </message>
            <full-stacktrace>
              <![CDATA[java.lang.AssertionError: expected [Hi world] but found [Need to practice on github actions]
at org.testng.Assert.fail(Assert.java:111)
at org.testng.Assert.failNotEquals(Assert.java:1590)
at org.testng.Assert.assertEqualsImpl(Assert.java:150)
at org.testng.Assert.assertEquals(Assert.java:132)
at org.testng.Assert.assertEquals(Assert.java:656)
at org.testng.Assert.assertEquals(Assert.java:666)
at tests.SearchTest.verifyTaskAfterSearch(SearchTest.java:55)
at java.base/jdk.internal.reflect.DirectMethodHandleAccessor.invoke(DirectMethodHandleAccessor.java:103)
at java.base/java.lang.reflect.Method.invoke(Method.java:580)
at org.testng.internal.invokers.MethodInvocationHelper.invokeMethod(MethodInvocationHelper.java:141)
at org.testng.internal.invokers.TestInvoker.invokeMethod(TestInvoker.java:697)
at org.testng.internal.invokers.TestInvoker.invokeTestMethod(TestInvoker.java:230)
at org.testng.internal.invokers.MethodRunner.runInSequence(MethodRunner.java:63)
at org.testng.internal.invokers.TestInvoker$MethodInvocationAgent.invoke(TestInvoker.java:1005)
at org.testng.internal.invokers.TestInvoker.invokeTestMethods(TestInvoker.java:203)
at org.testng.internal.invokers.TestMethodWorker.invokeTestMethods(TestMethodWorker.java:154)
at org.testng.internal.invokers.TestMethodWorker.run(TestMethodWorker.java:134)
at java.base/java.util.concurrent.Executors$RunnableAdapter.call(Executors.java:572)
at java.base/java.util.concurrent.FutureTask.run(FutureTask.java:317)
at org.testng.internal.thread.graph.TestNGFutureTask.run(TestNGFutureTask.java:22)
at java.base/java.util.concurrent.ThreadPoolExecutor.runWorker(ThreadPoolExecutor.java:1144)
at java.base/java.util.concurrent.ThreadPoolExecutor$Worker.run(ThreadPoolExecutor.java:642)
at java.base/java.lang.Thread.run(Thread.java:1583)
]]>
            </full-stacktrace>
          </exception> <!-- java.lang.AssertionError -->
          <reporter-output>
          </reporter-output>
        </test-method> <!-- verifyTaskAfterSearch -->
      </class> <!-- tests.SearchTest -->
    </test> <!-- Todo Tests -->
  </suite> <!-- Todo Application Suite -->
</testng-results>
