<?xml version="1.0" encoding="UTF-8"?>
<!-- Generated by org.testng.reporters.JUnitReportReporter -->
<testsuite hostname="Workstation-5" failures="0" tests="3" name="tests.TodoTest" time="0.423" errors="0" timestamp="2026-07-27T17:55:13 IST" skipped="0">
  <testcase classname="tests.TodoTest" name="verifyTodoTaskCreation" time="0.390"/>
  <testcase classname="tests.TodoTest" name="verifyDashboardText" time="0.022"/>
  <testcase classname="tests.TodoTest" name="verifyTotalTaskCount" time="0.011"/>
</testsuite> <!-- tests.TodoTest -->
