<?xml version="1.0" encoding="UTF-8"?>
<!-- Generated by org.testng.reporters.JUnitReportReporter -->
<testsuite hostname="Workstation-5" failures="1" tests="5" name="tests.SearchTest" time="5.533" errors="0" timestamp="2026-07-28T18:21:50 IST" skipped="0">
  <testcase classname="tests.SearchTest" name="verifyTodoTaskCreation" time="2.708"/>
  <testcase classname="tests.SearchTest" name="verifyDashboardText" time="0.558"/>
  <testcase classname="tests.SearchTest" name="verifyTotalTaskCount" time="1.068"/>
  <testcase classname="tests.SearchTest" name="verifySearchTask" time="0.657"/>
  <testcase classname="tests.SearchTest" name="verifyTaskAfterSearch" time="0.542">
    <failure message="expected [Hi world] but found [Need to practice on github actions]" type="java.lang.AssertionError">
      <![CDATA[java.lang.AssertionError: expected [Hi world] but found [Need to practice on github actions]
at org.testng.Assert.fail(Assert.java:111)
at org.testng.Assert.failNotEquals(Assert.java:1590)
at org.testng.Assert.assertEqualsImpl(Assert.java:150)
at org.testng.Assert.assertEquals(Assert.java:132)
at org.testng.Assert.assertEquals(Assert.java:656)
at org.testng.Assert.assertEquals(Assert.java:666)
at tests.SearchTest.verifyTaskAfterSearch(SearchTest.java:55)
at java.base/jdk.internal.reflect.DirectMethodHandleAccessor.invoke(DirectMethodHandleAccessor.java:103)
at java.base/java.lang.reflect.Method.invoke(Method.java:580)
at org.testng.internal.invokers.MethodInvocationHelper.invokeMethod(MethodInvocationHelper.java:141)
at org.testng.internal.invokers.TestInvoker.invokeMethod(TestInvoker.java:697)
at org.testng.internal.invokers.TestInvoker.invokeTestMethod(TestInvoker.java:230)
at org.testng.internal.invokers.MethodRunner.runInSequence(MethodRunner.java:63)
at org.testng.internal.invokers.TestInvoker$MethodInvocationAgent.invoke(TestInvoker.java:1005)
at org.testng.internal.invokers.TestInvoker.invokeTestMethods(TestInvoker.java:203)
at org.testng.internal.invokers.TestMethodWorker.invokeTestMethods(TestMethodWorker.java:154)
at org.testng.internal.invokers.TestMethodWorker.run(TestMethodWorker.java:134)
at java.base/java.util.concurrent.Executors$RunnableAdapter.call(Executors.java:572)
at java.base/java.util.concurrent.FutureTask.run(FutureTask.java:317)
at org.testng.internal.thread.graph.TestNGFutureTask.run(TestNGFutureTask.java:22)
at java.base/java.util.concurrent.ThreadPoolExecutor.runWorker(ThreadPoolExecutor.java:1144)
at java.base/java.util.concurrent.ThreadPoolExecutor$Worker.run(ThreadPoolExecutor.java:642)
at java.base/java.lang.Thread.run(Thread.java:1583)
]]>
    </failure>
  </testcase> <!-- verifyTaskAfterSearch -->
</testsuite> <!-- tests.SearchTest -->
