<?xml version="1.0" encoding="UTF-8"?>
<!-- Generated by org.testng.reporters.JUnitReportReporter -->
<testsuite hostname="Workstation-5" failures="0" tests="9" name="tests.TodoTest" time="16.217" errors="0" timestamp="2026-07-30T15:34:59 IST" skipped="0">
  <testcase classname="tests.TodoTest" name="verifyTodoTaskCreation" time="3.044"/>
  <testcase classname="tests.TodoTest" name="verifyTodoTaskCreation" time="2.879"/>
  <testcase classname="tests.TodoTest" name="verifyTodoTaskCreation" time="2.362"/>
  <testcase classname="tests.TodoTest" name="verifyDashboardText" time="0.550"/>
  <testcase classname="tests.TodoTest" name="verifyDashboardText" time="0.560"/>
  <testcase classname="tests.TodoTest" name="verifyDashboardText" time="0.535"/>
  <testcase classname="tests.TodoTest" name="verifyTotalTaskCount" time="2.074"/>
  <testcase classname="tests.TodoTest" name="verifyTotalTaskCount" time="2.089"/>
  <testcase classname="tests.TodoTest" name="verifyTotalTaskCount" time="2.124"/>
</testsuite> <!-- tests.TodoTest -->
