<?xml version="1.0" encoding="UTF-8"?>
<!-- Generated by org.testng.reporters.JUnitReportReporter -->
<testsuite hostname="Workstation-5" failures="0" tests="6" name="tests.SearchTest" time="3.461" errors="0" timestamp="2026-07-30T15:34:59 IST" skipped="0">
  <testcase classname="tests.SearchTest" name="verifySearchTask" time="0.644"/>
  <testcase classname="tests.SearchTest" name="verifySearchTask" time="0.560"/>
  <testcase classname="tests.SearchTest" name="verifySearchTask" time="0.651"/>
  <testcase classname="tests.SearchTest" name="verifyTaskAfterSearch" time="0.525"/>
  <testcase classname="tests.SearchTest" name="verifyTaskAfterSearch" time="0.545"/>
  <testcase classname="tests.SearchTest" name="verifyTaskAfterSearch" time="0.536"/>
</testsuite> <!-- tests.SearchTest -->
