<?xml version="1.0" encoding="UTF-8"?>
<!-- Generated by org.testng.reporters.JUnitXMLReporter -->
<testsuite ignored="2" hostname="Workstation-5" failures="0" tests="5" name="Edge" time="9.449" errors="0" timestamp="2026-07-30T15:34:54 IST">
  <testcase classname="tests.TodoTest" name="verifyTodoTaskCreation" time="3.043"/>
  <testcase classname="tests.TodoTest" name="verifyDashboardText" time="0.557"/>
  <testcase classname="tests.TodoTest" name="verifyTotalTaskCount" time="2.123"/>
  <testcase classname="tests.SearchTest" name="verifySearchTask" time="0.651"/>
  <testcase classname="tests.SearchTest" name="verifyTaskAfterSearch" time="0.545"/>
  <testcase classname="base.BaseTest" name="@AfterTest tearDown" time="0.0">
    <ignored/>
  </testcase> <!-- @AfterTest tearDown -->
  <testcase classname="base.BaseTest" name="@BeforeTest setup" time="0.0">
    <ignored/>
  </testcase> <!-- @BeforeTest setup -->
</testsuite> <!-- Edge -->
